<?xml version="1.0" encoding="UTF-8"?>
<!-- Generated by org.testng.reporters.JUnitReportReporter -->
<testsuite skipped="0" hostname="Zeynabs-MacBook-Air.local" name="com.cybertek.tests.day14_utils_webtables_properties.WebTableDemoTest" tests="4" failures="0" timestamp="2021-12-18T12:12:14 EST" time="12.168" errors="0">
  <testcase name="readFromTableTest" time="3.017" classname="com.cybertek.tests.day14_utils_webtables_properties.WebTableDemoTest"/>
  <system-out/>
  <testcase name="readNeighborCell" time="2.793" classname="com.cybertek.tests.day14_utils_webtables_properties.WebTableDemoTest"/>
  <system-out/>
  <testcase name="getAllColumnData" time="2.919" classname="com.cybertek.tests.day14_utils_webtables_properties.WebTableDemoTest"/>
  <system-out/>
  <testcase name="printAllTableDataTest" time="3.439" classname="com.cybertek.tests.day14_utils_webtables_properties.WebTableDemoTest"/>
  <system-out/>
</testsuite> <!-- com.cybertek.tests.day14_utils_webtables_properties.WebTableDemoTest -->
