<?xml version="1.0" encoding="UTF-8"?>
<!-- Generated by org.testng.reporters.JUnitReportReporter -->
<testsuite skipped="0" hostname="Zeynabs-MacBook-Air.local" name="com.cybertek.tests.day19_page_object_model.LibraryLoginPOMTest" tests="2" failures="0" timestamp="2021-12-18T12:12:14 EST" time="7.863" errors="0">
  <testcase name="invalidCredentialsTest" time="3.380" classname="com.cybertek.tests.day19_page_object_model.LibraryLoginPOMTest"/>
  <system-out/>
  <testcase name="positiveLoginTest" time="4.483" classname="com.cybertek.tests.day19_page_object_model.LibraryLoginPOMTest"/>
  <system-out/>
</testsuite> <!-- com.cybertek.tests.day19_page_object_model.LibraryLoginPOMTest -->
