<?xml version="1.0" encoding="UTF-8"?>
<!-- Generated by org.testng.reporters.JUnitReportReporter -->
<testsuite skipped="0" hostname="Zeynabs-MacBook-Air.local" name="com.cybertek.tests.day14_utils_webtables_properties.SmartBearProductTest" tests="1" failures="0" timestamp="2021-12-18T12:12:14 EST" time="3.101" errors="0">
  <testcase name="verifyLinksAfterLogin" time="3.101" classname="com.cybertek.tests.day14_utils_webtables_properties.SmartBearProductTest"/>
  <system-out/>
</testsuite> <!-- com.cybertek.tests.day14_utils_webtables_properties.SmartBearProductTest -->
