<?xml version="1.0" encoding="UTF-8"?>
<!-- Generated by org.testng.reporters.JUnitReportReporter -->
<testsuite skipped="0" hostname="Zeynabs-MacBook-Air.local" name="com.cybertek.tests.day10_dropdow_alerts_iframes_windows.CarGurusUsedCarSearchTest" tests="1" failures="0" timestamp="2021-12-18T12:12:14 EST" time="89.670" errors="0">
  <testcase name="searchForMinivanTest" time="89.670" classname="com.cybertek.tests.day10_dropdow_alerts_iframes_windows.CarGurusUsedCarSearchTest"/>
  <system-out/>
</testsuite> <!-- com.cybertek.tests.day10_dropdow_alerts_iframes_windows.CarGurusUsedCarSearchTest -->
