<?xml version="1.0" encoding="UTF-8"?>
<!-- Generated by org.testng.reporters.JUnitReportReporter -->
<testsuite skipped="0" hostname="Zeynabs-MacBook-Air.local" name="com.cybertek.tests.day18_actions_pom_intro.ActionsDoubleClickTest" tests="1" failures="0" timestamp="2021-12-18T12:12:14 EST" time="11.667" errors="0">
  <testcase name="doubleClickForColorChange" time="11.667" classname="com.cybertek.tests.day18_actions_pom_intro.ActionsDoubleClickTest"/>
  <system-out/>
</testsuite> <!-- com.cybertek.tests.day18_actions_pom_intro.ActionsDoubleClickTest -->
