<?xml version="1.0" encoding="UTF-8"?>
<!-- Generated by org.testng.reporters.JUnitReportReporter -->
<testsuite skipped="0" hostname="Zeynabs-MacBook-Air.local" name="com.cybertek.tests.day13_faker_practice_browserutil_properties.RegistrationFormNegativeTest" tests="1" failures="0" timestamp="2021-12-18T12:12:14 EST" time="7.676" errors="0">
  <testcase name="invalidFirstNameTest" time="7.676" classname="com.cybertek.tests.day13_faker_practice_browserutil_properties.RegistrationFormNegativeTest"/>
  <system-out/>
</testsuite> <!-- com.cybertek.tests.day13_faker_practice_browserutil_properties.RegistrationFormNegativeTest -->
