<?xml version="1.0" encoding="UTF-8"?>
<!-- Generated by org.testng.reporters.JUnitReportReporter -->
<testsuite skipped="0" hostname="Zeynabs-MacBook-Air.local" name="com.cybertek.tests.day11_alerts_iframe_windows.IFrameExampleTest" tests="2" failures="0" timestamp="2021-12-18T12:12:14 EST" time="14.834" errors="0">
  <testcase name="iframeTest" time="9.739" classname="com.cybertek.tests.day11_alerts_iframe_windows.IFrameExampleTest"/>
  <system-out/>
  <testcase name="multipleFramesTest" time="5.095" classname="com.cybertek.tests.day11_alerts_iframe_windows.IFrameExampleTest"/>
  <system-out/>
</testsuite> <!-- com.cybertek.tests.day11_alerts_iframe_windows.IFrameExampleTest -->
