<?xml version="1.0" encoding="UTF-8"?>
<!-- Generated by org.testng.reporters.JUnitReportReporter -->
<testsuite skipped="0" hostname="Zeynabs-MacBook-Air.local" name="com.cybertek.tests.day16_download_js_executor.FileDownloadTest" tests="1" failures="0" timestamp="2021-12-18T12:12:14 EST" time="5.703" errors="0">
  <testcase name="fileDownloadTest" time="5.703" classname="com.cybertek.tests.day16_download_js_executor.FileDownloadTest"/>
  <system-out/>
</testsuite> <!-- com.cybertek.tests.day16_download_js_executor.FileDownloadTest -->
