<?xml version="1.0" encoding="UTF-8"?>
<!-- Generated by org.testng.reporters.JUnitReportReporter -->
<testsuite skipped="0" hostname="Zeynabs-MacBook-Air.local" name="com.cybertek.tests.day15_properties_driverutil_testbase.PropertiesFileTest" tests="2" failures="0" timestamp="2021-12-18T12:12:14 EST" time="0.003" errors="0">
  <testcase name="readValuesFromPropertiesFile" time="0.002" classname="com.cybertek.tests.day15_properties_driverutil_testbase.PropertiesFileTest"/>
  <system-out/>
  <testcase name="configurationReaderUnitTest" time="0.001" classname="com.cybertek.tests.day15_properties_driverutil_testbase.PropertiesFileTest"/>
  <system-out/>
</testsuite> <!-- com.cybertek.tests.day15_properties_driverutil_testbase.PropertiesFileTest -->
