<?xml version="1.0" encoding="UTF-8"?>
<!-- Generated by org.testng.reporters.JUnitReportReporter -->
<testsuite skipped="0" hostname="Zeynabs-MacBook-Air.local" name="com.cybertek.tests.day18_actions_pom_intro.ActionsDragAndDropTest" tests="1" failures="0" timestamp="2021-12-18T12:12:14 EST" time="4.308" errors="0">
  <testcase name="dragAndDropTest" time="4.308" classname="com.cybertek.tests.day18_actions_pom_intro.ActionsDragAndDropTest"/>
  <system-out/>
</testsuite> <!-- com.cybertek.tests.day18_actions_pom_intro.ActionsDragAndDropTest -->
