<?xml version="1.0" encoding="UTF-8"?>
<!-- Generated by org.testng.reporters.JUnitReportReporter -->
<testsuite skipped="0" hostname="Zeynabs-MacBook-Air.local" name="com.cybertek.tests.day18_actions_pom_intro.EtsySubscribeTest" tests="1" failures="0" timestamp="2021-12-18T12:12:14 EST" time="12.110" errors="0">
  <testcase name="randomEmailSubscribeTest" time="12.110" classname="com.cybertek.tests.day18_actions_pom_intro.EtsySubscribeTest"/>
  <system-out/>
</testsuite> <!-- com.cybertek.tests.day18_actions_pom_intro.EtsySubscribeTest -->
