<?xml version="1.0" encoding="UTF-8"?>
<!-- Generated by org.testng.reporters.JUnitReportReporter -->
<testsuite skipped="0" hostname="Zeynabs-MacBook-Air.local" name="com.cybertek.tests.day09_testing_dropdowns.DropDownTest" tests="2" failures="0" timestamp="2021-12-18T12:12:14 EST" time="6.006" errors="0">
  <testcase name="titleTest" time="2.860" classname="com.cybertek.tests.day09_testing_dropdowns.DropDownTest"/>
  <system-out/>
  <testcase name="simpleDropDownTest" time="3.146" classname="com.cybertek.tests.day09_testing_dropdowns.DropDownTest"/>
  <system-out/>
</testsuite> <!-- com.cybertek.tests.day09_testing_dropdowns.DropDownTest -->
