<?xml version="1.0" encoding="UTF-8"?>
<!-- Generated by org.testng.reporters.JUnitReportReporter -->
<testsuite skipped="0" hostname="Zeynabs-MacBook-Air.local" name="com.cybertek.tests.day15_properties_driverutil_testbase.DriverUtilTest" tests="1" failures="0" timestamp="2021-12-18T12:12:14 EST" time="19.721" errors="0">
  <testcase name="driverClasstest" time="19.721" classname="com.cybertek.tests.day15_properties_driverutil_testbase.DriverUtilTest"/>
  <system-out/>
</testsuite> <!-- com.cybertek.tests.day15_properties_driverutil_testbase.DriverUtilTest -->
