<?xml version="1.0" encoding="UTF-8"?>
<!-- Generated by org.testng.reporters.JUnitReportReporter -->
<testsuite skipped="0" hostname="Zeynabs-MacBook-Air.local" name="com.cybertek.tests.day11_alerts_iframe_windows.MultipleWindowsExampleTest" tests="2" failures="0" timestamp="2021-12-18T12:12:14 EST" time="7.976" errors="0">
  <testcase name="demoQAMultipleWindows" time="4.796" classname="com.cybertek.tests.day11_alerts_iframe_windows.MultipleWindowsExampleTest"/>
  <system-out/>
  <testcase name="windowsTest" time="3.180" classname="com.cybertek.tests.day11_alerts_iframe_windows.MultipleWindowsExampleTest"/>
  <system-out/>
</testsuite> <!-- com.cybertek.tests.day11_alerts_iframe_windows.MultipleWindowsExampleTest -->
