<?xml version="1.0" encoding="UTF-8"?>
<!-- Generated by org.testng.reporters.JUnitReportReporter -->
<testsuite skipped="0" hostname="Zeynabs-MacBook-Air.local" name="com.cybertek.tests.day10_dropdow_alerts_iframes_windows.HandingAlertsTest" tests="1" failures="0" timestamp="2021-12-18T12:12:14 EST" time="3.403" errors="0">
  <testcase name="jsAlertsTest" time="3.403" classname="com.cybertek.tests.day10_dropdow_alerts_iframes_windows.HandingAlertsTest"/>
  <system-out/>
</testsuite> <!-- com.cybertek.tests.day10_dropdow_alerts_iframes_windows.HandingAlertsTest -->
