<?xml version="1.0" encoding="UTF-8"?>
<!-- Generated by org.testng.reporters.JUnitReportReporter -->
<testsuite skipped="0" hostname="Zeynabs-MacBook-Air.local" name="com.cybertek.tests.day18_actions_pom_intro.ActionsSendKeysTest" tests="2" failures="0" timestamp="2021-12-18T12:12:14 EST" time="9.333" errors="0">
  <testcase name="scrollWithKeysTest" time="5.973" classname="com.cybertek.tests.day18_actions_pom_intro.ActionsSendKeysTest"/>
  <system-out/>
  <testcase name="rightClickTest" time="3.360" classname="com.cybertek.tests.day18_actions_pom_intro.ActionsSendKeysTest"/>
  <system-out/>
</testsuite> <!-- com.cybertek.tests.day18_actions_pom_intro.ActionsSendKeysTest -->
