<?xml version="1.0" encoding="UTF-8"?>
<!-- Generated by org.testng.reporters.JUnitReportReporter -->
<testsuite skipped="0" hostname="Zeynabs-MacBook-Air.local" name="com.cybertek.tests.day17_upload_js_executor.JavaScriptExecutorTest" tests="4" failures="0" timestamp="2021-12-18T12:12:14 EST" time="28.946" errors="0">
  <testcase name="alertExampleTest" time="3.674" classname="com.cybertek.tests.day17_upload_js_executor.JavaScriptExecutorTest"/>
  <system-out/>
  <testcase name="setValueusingJSTest" time="4.511" classname="com.cybertek.tests.day17_upload_js_executor.JavaScriptExecutorTest"/>
  <system-out/>
  <testcase name="scrollToElementTest" time="5.649" classname="com.cybertek.tests.day17_upload_js_executor.JavaScriptExecutorTest"/>
  <system-out/>
  <testcase name="scrollTest" time="15.112" classname="com.cybertek.tests.day17_upload_js_executor.JavaScriptExecutorTest"/>
  <system-out/>
</testsuite> <!-- com.cybertek.tests.day17_upload_js_executor.JavaScriptExecutorTest -->
