<?xml version="1.0" encoding="UTF-8"?>
<!-- Generated by org.testng.reporters.JUnitReportReporter -->
<testsuite skipped="0" hostname="Zeynabs-MacBook-Air.local" name="com.cybertek.tests.day12_windows_practice_faker.DemoQAMultipleWindowsTest" tests="1" failures="0" timestamp="2021-12-18T12:12:14 EST" time="9.093" errors="0">
  <testcase name="newWindowTest" time="9.093" classname="com.cybertek.tests.day12_windows_practice_faker.DemoQAMultipleWindowsTest"/>
  <system-out/>
</testsuite> <!-- com.cybertek.tests.day12_windows_practice_faker.DemoQAMultipleWindowsTest -->
