<?xml version="1.0" encoding="UTF-8"?>
<!-- Generated by org.testng.reporters.JUnitReportReporter -->
<testsuite skipped="1" hostname="Zeynabs-MacBook-Air.local" name="com.cybertek.tests.day10_dropdow_alerts_iframes_windows.AmazonDepartmentNamesListTest" tests="2" failures="0" timestamp="2021-12-18T12:12:14 EST" time="46.072" errors="0">
  <testcase name="amazonDepartmentTest" time="46.072" classname="com.cybertek.tests.day10_dropdow_alerts_iframes_windows.AmazonDepartmentNamesListTest"/>
  <system-out/>
  <testcase name="testDemo" classname="com.cybertek.tests.day10_dropdow_alerts_iframes_windows.AmazonDepartmentNamesListTest">
    <skipped/>
  </testcase> <!-- testDemo -->
  <system-out/>
</testsuite> <!-- com.cybertek.tests.day10_dropdow_alerts_iframes_windows.AmazonDepartmentNamesListTest -->
