<?xml version="1.0" encoding="UTF-8"?>
<!-- Generated by org.testng.reporters.JUnitReportReporter -->
<testsuite skipped="0" hostname="Zeynabs-MacBook-Air.local" name="com.cybertek.tests.day15_properties_driverutil_testbase.TechlisticWebtableTest" tests="1" failures="0" timestamp="2021-12-18T12:12:14 EST" time="6.121" errors="0">
  <testcase name="tallBuildingsTableTest" time="6.121" classname="com.cybertek.tests.day15_properties_driverutil_testbase.TechlisticWebtableTest"/>
  <system-out/>
</testsuite> <!-- com.cybertek.tests.day15_properties_driverutil_testbase.TechlisticWebtableTest -->
